[14:26:51] [ServerMain/INFO]: [bootstrap] Running Java 21 (OpenJDK 64-Bit Server VM 21.0.7+6-LTS; Microsoft Microsoft-11369942) on Linux 6.8.0-1027-azure (amd64)
[14:26:51] [ServerMain/INFO]: [bootstrap] Loading Paper 1.21.5-113-main@ba7fb23 (2025-06-10T23:34:22Z) for Minecraft 1.21.5
[14:26:51] [ServerMain/INFO]: [PluginInitializerManager] Initializing plugins...
[14:26:54] [ServerMain/INFO]: [PluginInitializerManager] Initialized 3 plugins
[14:26:54] [ServerMain/INFO]: [PluginInitializerManager] Bukkit plugins (3):
 - ViaBackwards (5.3.2), ViaRewind (4.0.7), ViaVersion (5.3.2)
[14:27:12] [ServerMain/INFO]: Environment: Environment[sessionHost=https://sessionserver.mojang.com, servicesHost=https://api.minecraftservices.com, name=PROD]
[14:27:12] [ServerMain/INFO]: Found new data pack file/bukkit, loading it automatically
[14:27:12] [ServerMain/INFO]: Found new data pack paper, loading it automatically
[14:27:14] [ServerMain/INFO]: No existing world data, creating new world
[14:27:18] [ServerMain/INFO]: Loaded 1373 recipes
[14:27:18] [ServerMain/INFO]: Loaded 1484 advancements
[14:27:18] [Server thread/INFO]: Starting minecraft server version 1.21.5
[14:27:18] [Server thread/INFO]: Loading properties
[14:27:18] [Server thread/INFO]: This server is running Paper version 1.21.5-113-main@ba7fb23 (2025-06-10T23:34:22Z) (Implementing API version 1.21.5-R0.1-SNAPSHOT)
[14:27:18] [Server thread/INFO]: [spark] This server bundles the spark profiler. For more information please visit https://docs.papermc.io/paper/profiling
[14:27:19] [Server thread/INFO]: Server Ping Player Sample Count: 12
[14:27:19] [Server thread/INFO]: Using 4 threads for Netty based IO
[14:27:21] [Server thread/INFO]: [MoonriseCommon] Paper is using 1 worker threads, 1 I/O threads
[14:27:21] [Server thread/INFO]: [ChunkTaskScheduler] Chunk system is using population gen parallelism: true
[14:27:22] [Server thread/INFO]: Default game type: SURVIVAL
[14:27:22] [Server thread/INFO]: Generating keypair
[14:27:22] [Server thread/INFO]: Starting Minecraft server on *:25565
[14:27:22] [Server thread/INFO]: Using epoll channel type
[14:27:22] [Server thread/INFO]: Paper: Using libdeflate (Linux x86_64) compression from Velocity.
[14:27:22] [Server thread/INFO]: Paper: Using OpenSSL 3.x.x (Linux x86_64) cipher from Velocity.
[14:27:23] [Server thread/INFO]: [ViaVersion] Loading server plugin ViaVersion v5.3.2
[14:27:23] [Server thread/INFO]: [ViaVersion] ViaVersion 5.3.2 is now loaded. Registering protocol transformers and injecting...
[14:27:25] [Via-Mappingloader-0/INFO]: [ViaVersion] Loading block connection mappings ...
[14:27:25] [Via-Mappingloader-0/INFO]: [ViaVersion] Using FastUtil Long2ObjectOpenHashMap for block connections
[14:27:27] [Server thread/INFO]: [ViaBackwards] Loading translations...
[14:27:27] [Server thread/INFO]: [ViaBackwards] Registering protocols...
[14:27:28] [Server thread/INFO]: [ViaRewind] Registering protocols...
[14:27:28] [Server thread/INFO]: [ViaBackwards] Loading server plugin ViaBackwards v5.3.2
[14:27:28] [Server thread/INFO]: [ViaRewind] Loading server plugin ViaRewind v4.0.7
[14:27:28] [Server thread/INFO]: Server permissions file permissions.yml is empty, ignoring it
[14:27:28] [Server thread/INFO]: [ViaRewind] Enabling ViaRewind v4.0.7
[14:27:28] [Server thread/WARN]: **** SERVER IS RUNNING IN OFFLINE/INSECURE MODE!
[14:27:28] [Server thread/WARN]: The server will make no attempt to authenticate usernames. Beware.
[14:27:28] [Server thread/WARN]: While this makes the game possible to play without internet access, it also opens up the ability for hackers to connect with any username they choose.
[14:27:28] [Server thread/WARN]: To change this, set "online-mode" to "true" in the server.properties file.
[14:27:28] [Server thread/INFO]: Preparing level "world"
[14:28:09] [Server thread/INFO]: Preparing start region for dimension minecraft:overworld
[14:28:09] [Server thread/INFO]: Preparing spawn area: 2%
[14:28:09] [Server thread/INFO]: Preparing spawn area: 2%
[14:28:10] [Server thread/INFO]: Preparing spawn area: 2%
[14:28:10] [Server thread/INFO]: Preparing spawn area: 2%
[14:28:11] [Server thread/INFO]: Preparing spawn area: 2%
[14:28:11] [Server thread/INFO]: Preparing spawn area: 2%
[14:28:12] [Server thread/INFO]: Preparing spawn area: 2%
[14:28:12] [Server thread/INFO]: Preparing spawn area: 2%
[14:28:13] [Server thread/INFO]: Preparing spawn area: 2%
[14:28:13] [Server thread/INFO]: Preparing spawn area: 2%
[14:28:14] [Server thread/INFO]: Preparing spawn area: 2%
[14:28:14] [Server thread/INFO]: Preparing spawn area: 2%
[14:28:15] [Server thread/INFO]: Preparing spawn area: 2%
[14:28:15] [Server thread/INFO]: Preparing spawn area: 2%
[14:28:16] [Server thread/INFO]: Preparing spawn area: 2%
[14:28:17] [Server thread/INFO]: Preparing spawn area: 2%
[14:28:17] [Server thread/INFO]: Preparing spawn area: 6%
[14:28:17] [Server thread/INFO]: Preparing spawn area: 6%
[14:28:18] [Server thread/INFO]: Preparing spawn area: 10%
[14:28:19] [Server thread/INFO]: Preparing spawn area: 14%
[14:28:19] [Server thread/INFO]: Preparing spawn area: 14%
[14:28:19] [Server thread/INFO]: Preparing spawn area: 18%
[14:28:20] [Server thread/INFO]: Preparing spawn area: 18%
[14:28:20] [Server thread/INFO]: Preparing spawn area: 18%
[14:28:21] [Server thread/INFO]: Preparing spawn area: 18%
[14:28:21] [Server thread/INFO]: Preparing spawn area: 18%
[14:28:22] [Server thread/INFO]: Preparing spawn area: 18%
[14:28:22] [Server thread/INFO]: Preparing spawn area: 18%
[14:28:23] [Server thread/INFO]: Preparing spawn area: 18%
[14:28:23] [Server thread/INFO]: Preparing spawn area: 18%
[14:28:24] [Server thread/INFO]: Preparing spawn area: 18%
[14:28:24] [Server thread/INFO]: Preparing spawn area: 18%
[14:28:25] [Server thread/INFO]: Preparing spawn area: 38%
[14:28:26] [Server thread/INFO]: Preparing spawn area: 44%
[14:28:26] [Server thread/INFO]: Preparing spawn area: 46%
[14:28:26] [Server thread/INFO]: Preparing spawn area: 51%
[14:28:27] [Server thread/INFO]: Preparing spawn area: 51%
[14:28:27] [Server thread/INFO]: Preparing spawn area: 51%
[14:28:28] [Server thread/INFO]: Preparing spawn area: 51%
[14:28:28] [Server thread/INFO]: Preparing spawn area: 51%
[14:28:29] [Server thread/INFO]: Preparing spawn area: 51%
[14:28:29] [Server thread/INFO]: Preparing spawn area: 51%
[14:28:30] [Server thread/INFO]: Preparing spawn area: 51%
[14:28:30] [Server thread/INFO]: Preparing spawn area: 51%
[14:28:31] [Server thread/INFO]: Preparing spawn area: 57%
[14:28:31] [Server thread/INFO]: Preparing spawn area: 61%
[14:28:32] [Server thread/INFO]: Preparing spawn area: 61%
[14:28:32] [Server thread/INFO]: Preparing spawn area: 65%
[14:28:33] [Server thread/INFO]: Preparing spawn area: 71%
[14:28:33] [Server thread/INFO]: Preparing spawn area: 71%
[14:28:34] [Server thread/INFO]: Preparing spawn area: 71%
[14:28:34] [Server thread/INFO]: Preparing spawn area: 75%
[14:28:34] [Server thread/INFO]: Time elapsed: 25679 ms
[14:28:34] [Server thread/INFO]: Preparing start region for dimension minecraft:the_nether
[14:28:34] [Server thread/INFO]: Preparing spawn area: 2%
[14:28:35] [Server thread/INFO]: Preparing spawn area: 2%
[14:28:35] [Server thread/INFO]: Preparing spawn area: 2%
[14:28:36] [Server thread/INFO]: Preparing spawn area: 4%
[14:28:37] [Server thread/INFO]: Preparing spawn area: 4%
[14:28:37] [Server thread/INFO]: Preparing spawn area: 8%
[14:28:37] [Server thread/INFO]: Preparing spawn area: 10%
[14:28:38] [Server thread/INFO]: Preparing spawn area: 18%
[14:28:38] [Server thread/INFO]: Preparing spawn area: 18%
[14:28:39] [Server thread/INFO]: Preparing spawn area: 18%
[14:28:39] [Server thread/INFO]: Preparing spawn area: 18%
[14:28:40] [Server thread/INFO]: Preparing spawn area: 18%
[14:28:40] [Server thread/INFO]: Preparing spawn area: 24%
[14:28:41] [Server thread/INFO]: Preparing spawn area: 51%
[14:28:41] [Server thread/INFO]: Preparing spawn area: 51%
[14:28:42] [Server thread/INFO]: Preparing spawn area: 51%
[14:28:42] [Server thread/INFO]: Preparing spawn area: 51%
[14:28:43] [Server thread/INFO]: Preparing spawn area: 61%
[14:28:43] [Server thread/INFO]: Preparing spawn area: 75%
[14:28:44] [Server thread/INFO]: Time elapsed: 9296 ms
[14:28:44] [Server thread/INFO]: Preparing start region for dimension minecraft:the_end
[14:28:44] [Server thread/INFO]: Preparing spawn area: 2%
[14:28:44] [Server thread/INFO]: Preparing spawn area: 2%
[14:28:45] [Server thread/INFO]: Preparing spawn area: 18%
[14:28:45] [Server thread/INFO]: Preparing spawn area: 34%
[14:28:46] [Server thread/INFO]: Time elapsed: 1992 ms
[14:28:46] [Server thread/INFO]: [ViaVersion] Enabling ViaVersion v5.3.2
[14:28:46] [Server thread/INFO]: [ViaVersion] ViaVersion detected server version: 1.21.5 (770)
[14:28:46] [Server thread/INFO]: [ViaBackwards] Enabling ViaBackwards v5.3.2
[14:28:46] [Server thread/INFO]: [spark] Starting background profiler...
[14:28:47] [Server thread/INFO]: Done preparing level "world" (79.028s)
[14:28:47] [Server thread/INFO]: Running delayed init tasks
[14:28:47] [Server thread/INFO]: Done (121.953s)! For help, type "help"
[14:28:47] [Server thread/INFO]: *************************************************************************************
[14:28:47] [Server thread/INFO]: This is the first time you're starting this server.
[14:28:47] [Server thread/INFO]: It's recommended you read our 'Getting Started' documentation for guidance.
[14:28:47] [Server thread/INFO]: View this and more helpful information here: https://docs.papermc.io/paper/next-steps
[14:28:47] [Server thread/INFO]: *************************************************************************************
[14:28:47] [Craft Scheduler Thread - 5 - ViaVersion/INFO]: [ViaVersion] Finished mapping loading, shutting down loader executor.
[14:28:48] [User Authenticator #0/INFO]: UUID of player Ace1Ace4767 is 21c06a18-f78b-3f46-b589-ae29d61f13a3
[14:28:48] [Server thread/INFO]: Ace1Ace4767 (/127.0.0.1:44868) lost connection: Disconnected
[14:28:48] [Server thread/INFO]: Ace1Ace4767 (/127.0.0.1:39516) lost connection: Disconnected
[14:28:48] [User Authenticator #1/INFO]: UUID of player Ace1Ace4767 is 21c06a18-f78b-3f46-b589-ae29d61f13a3
[14:28:48] [Server thread/WARN]: [ViaVersion] There is a newer plugin version available: 5.4.1, you're on: 5.3.2
[14:28:53] [User Authenticator #1/INFO]: UUID of player Ace1Ace4767 is 21c06a18-f78b-3f46-b589-ae29d61f13a3
[14:28:54] [Netty Epoll Server IO #3/WARN]: [ViaVersion] (1.17->1.16.4) Increased world height is NOT SUPPORTED for 1.16 players and below. They will see a void below y 0 and above 256. You can enable the `bedrock-at-y-0` config option to replace the air with a bedrock layer.
[14:28:55] [Server thread/INFO]: Ace1Ace4767 joined the game
[14:28:55] [Server thread/INFO]: Ace1Ace4767[/127.0.0.1:51110] logged in with entity id 30 at ([world]-130.5, 79.0, 41.5)
[14:28:56] [Netty Epoll Server IO #3/WARN]: [ViaVersion] (1.13->1.12.2) Ignoring plugin channel in serverbound REGISTER: EAG|Voice-1.8
[14:28:56] [Netty Epoll Server IO #3/WARN]: [ViaVersion] (1.13->1.12.2) Ignoring plugin channel in serverbound REGISTER: EAG|1.8-Ready
[14:28:56] [Netty Epoll Server IO #3/WARN]: [ViaVersion] (1.13->1.12.2) Ignoring plugin channel in serverbound REGISTER: EAG|1.8-Voice-RPC
[14:28:56] [Netty Epoll Server IO #3/WARN]: [ViaVersion] (1.13->1.12.2) Ignoring plugin channel in serverbound REGISTER: EAG|1.8-RPC
[14:28:56] [Netty Epoll Server IO #3/WARN]: [ViaVersion] (1.13->1.12.2) Ignoring plugin channel in serverbound REGISTER: EAG|1.8
[14:28:56] [Netty Epoll Server IO #3/WARN]: [ViaVersion] (1.13->1.12.2) Ignoring plugin channel in serverbound REGISTER: EAG|Skins-1.8
[14:28:56] [Netty Epoll Server IO #3/WARN]: [ViaVersion] (1.13->1.12.2) Ignoring plugin channel in serverbound REGISTER: EAG|UpdateCert-1.8
[14:28:56] [Netty Epoll Server IO #3/WARN]: [ViaVersion] (1.13->1.12.2) Ignoring plugin channel in serverbound REGISTER: EAG|FNAWSEn-1.8
[14:28:56] [Netty Epoll Server IO #3/WARN]: [ViaVersion] (1.13->1.12.2) Ignoring plugin channel in serverbound REGISTER: EAG|Capes-1.8
[14:29:50] [Async Chat Thread - #1/INFO]: [Not Secure] <Ace1Ace4767> a
[14:29:53] [Server thread/INFO]: Ace1Ace4767 issued server command: /ping
[14:30:02] [Server thread/INFO]: Unknown or incomplete command, see below for error
bukkit<--[HERE]
[14:30:11] [Server thread/INFO]: Unknown or incomplete command, see below for error
op<--[HERE]
[14:30:14] [Server thread/INFO]: Unknown or incomplete command, see below for error
ip<--[HERE]
[14:30:52] [Server thread/INFO]: Made Ace1Ace4767 a server operator
[14:30:57] [Server thread/INFO]: Ace1Ace4767 issued server command: /gamemode 1
[14:30:59] [Server thread/INFO]: Ace1Ace4767 issued server command: /gamemode creative
[14:30:59] [Server thread/INFO]: [Ace1Ace4767: Set own game mode to Creative Mode]
[14:31:10] [Server thread/INFO]: Ace1Ace4767 issued server command: /give Ace1Ace4767 minecraft:netherite_chestplate
[14:31:10] [Server thread/INFO]: [Ace1Ace4767: Gave 1 [Netherite Chestplate] to Ace1Ace4767]
[14:31:22] [Server thread/INFO]: Ace1Ace4767 has made the advancement [Ice Bucket Challenge]
[14:32:48] [Server thread/INFO]: Ace1Ace4767 issued server command: /gamemode 0
[14:32:50] [Server thread/INFO]: Ace1Ace4767 issued server command: /gamemode s
[14:32:54] [Server thread/INFO]: Ace1Ace4767 issued server command: /gamemode survival
[14:32:54] [Server thread/INFO]: [Ace1Ace4767: Set own game mode to Survival Mode]
[14:33:05] [Server thread/INFO]: Ace1Ace4767 lost connection: Disconnected
[14:33:05] [Server thread/INFO]: Ace1Ace4767 left the game
[14:33:13] [User Authenticator #2/INFO]: UUID of player Ace1Ace4767 is 21c06a18-f78b-3f46-b589-ae29d61f13a3
[14:33:14] [Server thread/INFO]: Ace1Ace4767 joined the game
[14:33:14] [Server thread/INFO]: Ace1Ace4767[/127.0.0.1:56496] logged in with entity id 1284 at ([world]-243.2503663772894, 124.0, 78.95209040837523)
[14:33:14] [Netty Epoll Server IO #0/WARN]: [ViaVersion] (1.13->1.12.2) Ignoring plugin channel in serverbound REGISTER: EAG|Voice-1.8
[14:33:14] [Netty Epoll Server IO #0/WARN]: [ViaVersion] (1.13->1.12.2) Ignoring plugin channel in serverbound REGISTER: EAG|1.8-Ready
[14:33:14] [Netty Epoll Server IO #0/WARN]: [ViaVersion] (1.13->1.12.2) Ignoring plugin channel in serverbound REGISTER: EAG|1.8-Voice-RPC
[14:33:14] [Netty Epoll Server IO #0/WARN]: [ViaVersion] (1.13->1.12.2) Ignoring plugin channel in serverbound REGISTER: EAG|1.8-RPC
[14:33:14] [Netty Epoll Server IO #0/WARN]: [ViaVersion] (1.13->1.12.2) Ignoring plugin channel in serverbound REGISTER: EAG|1.8
[14:33:14] [Netty Epoll Server IO #0/WARN]: [ViaVersion] (1.13->1.12.2) Ignoring plugin channel in serverbound REGISTER: EAG|Skins-1.8
[14:33:14] [Netty Epoll Server IO #0/WARN]: [ViaVersion] (1.13->1.12.2) Ignoring plugin channel in serverbound REGISTER: EAG|UpdateCert-1.8
[14:33:14] [Netty Epoll Server IO #0/WARN]: [ViaVersion] (1.13->1.12.2) Ignoring plugin channel in serverbound REGISTER: EAG|FNAWSEn-1.8
[14:33:14] [Netty Epoll Server IO #0/WARN]: [ViaVersion] (1.13->1.12.2) Ignoring plugin channel in serverbound REGISTER: EAG|Capes-1.8
[14:33:17] [Server thread/INFO]: Ace1Ace4767 issued server command: /ver
[14:33:20] [Server thread/INFO]: Ace1Ace4767 lost connection: Disconnected
[14:33:20] [Server thread/INFO]: Ace1Ace4767 left the game
[14:33:36] [Server thread/INFO]: Stopping server
[14:33:36] [Server thread/INFO]: [ViaRewind] Disabling ViaRewind v4.0.7
[14:33:36] [Server thread/INFO]: [ViaBackwards] Disabling ViaBackwards v5.3.2
[14:33:36] [Server thread/INFO]: [ViaVersion] Disabling ViaVersion v5.3.2
[14:33:36] [Server thread/INFO]: [ViaVersion] ViaVersion has been disabled; uninjected the platform and shut down the scheduler.
[14:33:36] [Server thread/INFO]: Saving players
[14:33:36] [Server thread/INFO]: Saving worlds
[14:33:36] [Server thread/INFO]: Saving chunks for level 'ServerLevel[world]'/minecraft:overworld
[14:33:36] [Server thread/INFO]: [ChunkHolderManager] Waiting 60s for chunk system to halt for world 'world'
[14:33:36] [Server thread/INFO]: [ChunkHolderManager] Halted chunk system for world 'world'
[14:33:36] [Server thread/INFO]: [ChunkHolderManager] Saving all chunkholders for world 'world'
[14:33:39] [Server thread/INFO]: [ChunkHolderManager] Saved 841 block chunks, 747 entity chunks, 14 poi chunks in world 'world' in 2.56s
[14:33:39] [Server thread/INFO]: [ChunkHolderManager] Waiting 60s for chunk I/O to halt for world 'world'
[14:33:39] [Server thread/INFO]: [ChunkHolderManager] Halted I/O scheduler for world 'world'
[14:33:39] [Server thread/INFO]: Saving chunks for level 'ServerLevel[world_nether]'/minecraft:the_nether
[14:33:39] [Server thread/INFO]: [ChunkHolderManager] Waiting 60s for chunk system to halt for world 'world_nether'
[14:33:39] [Server thread/INFO]: [ChunkHolderManager] Halted chunk system for world 'world_nether'
[14:33:39] [Server thread/INFO]: [ChunkHolderManager] Saving all chunkholders for world 'world_nether'
[14:33:41] [Server thread/INFO]: [ChunkHolderManager] Saved 841 block chunks, 49 entity chunks, 0 poi chunks in world 'world_nether' in 2.11s
[14:33:41] [Server thread/INFO]: [ChunkHolderManager] Waiting 60s for chunk I/O to halt for world 'world_nether'
[14:33:41] [Server thread/INFO]: [ChunkHolderManager] Halted I/O scheduler for world 'world_nether'
[14:33:41] [Server thread/INFO]: Saving chunks for level 'ServerLevel[world_the_end]'/minecraft:the_end
[14:33:41] [Server thread/INFO]: [ChunkHolderManager] Waiting 60s for chunk system to halt for world 'world_the_end'
[14:33:41] [Server thread/INFO]: [ChunkHolderManager] Halted chunk system for world 'world_the_end'
[14:33:41] [Server thread/INFO]: [ChunkHolderManager] Saving all chunkholders for world 'world_the_end'
[14:33:41] [Server thread/INFO]: [ChunkHolderManager] Saved 841 block chunks, 49 entity chunks, 0 poi chunks in world 'world_the_end' in 0.51s
[14:33:41] [Server thread/INFO]: [ChunkHolderManager] Waiting 60s for chunk I/O to halt for world 'world_the_end'
[14:33:41] [Server thread/INFO]: [ChunkHolderManager] Halted I/O scheduler for world 'world_the_end'
[14:33:41] [Server thread/INFO]: ThreadedAnvilChunkStorage (world): All chunks are saved
[14:33:41] [Server thread/INFO]: ThreadedAnvilChunkStorage (DIM-1): All chunks are saved
[14:33:41] [Server thread/INFO]: ThreadedAnvilChunkStorage (DIM1): All chunks are saved
[14:33:41] [Server thread/INFO]: ThreadedAnvilChunkStorage: All dimensions are saved
[14:33:41] [Server thread/INFO]: Waiting for all RegionFile I/O tasks to complete...
[14:33:41] [Server thread/INFO]: All RegionFile I/O tasks to complete
[14:33:41] [Server thread/INFO]: [MoonriseCommon] Awaiting termination of worker pool for up to 60s...
[14:33:41] [Server thread/INFO]: [MoonriseCommon] Awaiting termination of I/O pool for up to 60s...
