[2025/07/06 14:26:49]: §9          __             _       
[2025/07/06 14:26:49]: §9  _ __   / /  ___   __ _(_)_ __  
[2025/07/06 14:26:49]: §9 | '_ \ / /  / _ \ / _` | | '_ \ 
[2025/07/06 14:26:49]: §9 | | | / /__| (_) | (_| | | | | |
[2025/07/06 14:26:49]: §9 |_| |_\____/\___/ \__, |_|_| |_|
[2025/07/06 14:26:49]: §9                  |___/            
[2025/07/06 14:26:49]: §9 By: www.nickuc.com - V 10.4.23 DEVELOPMENT
[2025/07/06 14:26:49]: §9 
[2025/07/06 14:26:51]: §3[nLogin] [DEBUG] All settings were loaded in 426 ms.
[2025/07/06 14:26:51]: §3[nLogin] [DEBUG] Loading the messages_en.yml message file...
[2025/07/06 14:26:51]: §3[nLogin] [DEBUG] All plugin messages were loaded in 179 ms (languageByClient=false).
[2025/07/06 14:26:51]: §3[nLogin] [DEBUG] All proxy settings were loaded in 39 ms.
[2025/07/06 14:26:51]: §3[nLogin] [DEBUG] Loading database...
[2025/07/06 14:26:52]: §3[nLogin] [DEBUG] Starting logger filter...
[2025/07/06 14:26:57]: 
[2025/07/06 14:26:57]:  §bThank you so much for choosing nLogin! §4<3
[2025/07/06 14:26:57]: 
[2025/07/06 14:26:57]:  §4For your safety, please read the message below:
[2025/07/06 14:26:57]:   §cNever download nLogin from unknown sources.
[2025/07/06 14:26:57]:   §cA modified version may contain malicious software.
[2025/07/06 14:26:57]: 
[2025/07/06 14:26:57]:  §3Trusted sources:
[2025/07/06 14:26:57]:   §bwww.nickuc.com
[2025/07/06 14:26:57]:   §bwww.github.com/nickuc
[2025/07/06 14:26:57]:   §bOpeNLogin installer (from Spigot or GitHub)
[2025/07/06 14:26:57]: 
[2025/07/06 14:26:57]:  §3Official support channels:
[2025/07/06 14:26:57]:   §bDiscord group: §fwww.nickuc.com/discord
[2025/07/06 14:26:57]:   §bDocumentation: §fdocs.nickuc.com/nlogin/
[2025/07/06 14:26:57]:   §bEmail: §fsupport@nickuc.com
[2025/07/06 14:26:57]:   §bYouTube: §fyoutube.com/nickuc
[2025/07/06 14:26:58]: 
[2025/07/06 14:26:58]:  §eTo remove this warning, log in with "nlogin.admin" permission on the server
[2025/07/06 14:26:58]:  §eand click the "Setup plugin" button to configure your plugin.
[2025/07/06 14:26:58]: 
[2025/07/06 14:27:44]: §3[nLogin] [DEBUG] [SQLite] [UPDATE]: "INSERT INTO `nlogin` (`last_name`, `unique_id`, `mojang_id`, `bedrock_id`, `password`, `last_ip`, `creation_date`, `last_seen`, `email`, `discord`, `settings`) VALUES ('Ace1Ace4767', 21c06a18f78b3f46b589ae29d61f13a3, null, null, '$2a$10$CEHsxB6Xs5GVMNlMYtvq5OU5FV7Y8hL9awesBGuhV9WKdYBpTfu9q', '0:0:0:0:0:0:0:1', '2025-07-06 14:27:43.825', '2025-07-06 14:27:43.825', null, null, '{"settings":[{"value":true,"key":"force-invalid-session"}],"version":0}')" (applied to all columns)
[2025/07/06 14:27:45]: [nLogin] The user Ace1Ace4767 has successfully registered.
[2025/07/06 14:28:09]: §3[nLogin] [DEBUG] [SQLite] [UPDATE]: "UPDATE `nlogin` SET `last_name` = 'Ace1Ace4767', `unique_id` = 21c06a18f78b3f46b589ae29d61f13a3,  `mojang_id` = null,  `bedrock_id` = null,  `password` = '$2a$10$CEHsxB6Xs5GVMNlMYtvq5OU5FV7Y8hL9awesBGuhV9WKdYBpTfu9q', `last_ip` = '0:0:0:0:0:0:0:1', `creation_date` = 2025-07-06 14:27:43.825, `last_seen` = 2025-07-06 14:28:09.122, `email` = null, `discord` = null, `settings` = '{"settings":[{"value":true,"key":"force-invalid-session"},{"value":"auth","key":"last-server"},{"value":"en","key":"language"}],"version":0}' WHERE `ai` = 2" (applied to [last_seen, settings] columns)
[2025/07/06 14:28:17]: §3[nLogin] [DEBUG] [SQLite] [UPDATE]: "UPDATE `nlogin` SET `last_name` = 'Ace1Ace4767', `unique_id` = 21c06a18f78b3f46b589ae29d61f13a3,  `mojang_id` = null,  `bedrock_id` = null,  `password` = '$2a$10$CEHsxB6Xs5GVMNlMYtvq5OU5FV7Y8hL9awesBGuhV9WKdYBpTfu9q', `last_ip` = '0:0:0:0:0:0:0:1', `creation_date` = 2025-07-06 14:27:43.825, `last_seen` = 2025-07-06 14:28:17.823, `email` = null, `discord` = null, `settings` = '{"settings":[{"value":"auth","key":"last-server"},{"value":"en","key":"language"}],"version":0}' WHERE `ai` = 2" (applied to [last_ip, last_seen, settings] columns)
[2025/07/06 14:28:17]: [nLogin] The user Ace1Ace4767 has successfully logged in.
[2025/07/06 14:33:05]: §3[nLogin] [DEBUG] [SQLite] [UPDATE]: "UPDATE `nlogin` SET `last_name` = 'Ace1Ace4767', `unique_id` = 21c06a18f78b3f46b589ae29d61f13a3,  `mojang_id` = null,  `bedrock_id` = null,  `password` = '$2a$10$CEHsxB6Xs5GVMNlMYtvq5OU5FV7Y8hL9awesBGuhV9WKdYBpTfu9q', `last_ip` = '0:0:0:0:0:0:0:1', `creation_date` = 2025-07-06 14:27:43.825, `last_seen` = 2025-07-06 14:33:05.297, `email` = null, `discord` = null, `settings` = '{"settings":[{"value":"survival","key":"last-server"},{"value":"en","key":"language"}],"version":0}' WHERE `ai` = 2" (applied to [last_seen, settings] columns)
[2025/07/06 14:33:13]: §3[nLogin] [DEBUG] [SQLite] [UPDATE]: "UPDATE `nlogin` SET `last_name` = 'Ace1Ace4767', `unique_id` = 21c06a18f78b3f46b589ae29d61f13a3,  `mojang_id` = null,  `bedrock_id` = null,  `password` = '$2a$10$CEHsxB6Xs5GVMNlMYtvq5OU5FV7Y8hL9awesBGuhV9WKdYBpTfu9q', `last_ip` = '0:0:0:0:0:0:0:1', `creation_date` = 2025-07-06 14:27:43.825, `last_seen` = 2025-07-06 14:33:13.431, `email` = null, `discord` = null, `settings` = '{"settings":[{"value":"survival","key":"last-server"},{"value":"en","key":"language"}],"version":0}' WHERE `ai` = 2" (applied to [last_ip, last_seen, settings] columns)
[2025/07/06 14:33:13]: [nLogin] The user Ace1Ace4767 has successfully logged in.
[2025/07/06 14:33:20]: §3[nLogin] [DEBUG] [SQLite] [UPDATE]: "UPDATE `nlogin` SET `last_name` = 'Ace1Ace4767', `unique_id` = 21c06a18f78b3f46b589ae29d61f13a3,  `mojang_id` = null,  `bedrock_id` = null,  `password` = '$2a$10$CEHsxB6Xs5GVMNlMYtvq5OU5FV7Y8hL9awesBGuhV9WKdYBpTfu9q', `last_ip` = '0:0:0:0:0:0:0:1', `creation_date` = 2025-07-06 14:27:43.825, `last_seen` = 2025-07-06 14:33:20.899, `email` = null, `discord` = null, `settings` = '{"settings":[{"value":"survival","key":"last-server"},{"value":"en","key":"language"}],"version":0}' WHERE `ai` = 2" (applied to [last_seen, settings] columns)
[2025/07/06 14:33:32]: [nLogin] Successful plugin core shutdown (took 0.00s)
