[14:26:37] [main/INFO] [com.velocitypowered.proxy.VelocityServer]: Booting up Velocity 3.4.0-SNAPSHOT (git-44bc15db-b512)...
[14:26:37] [main/INFO] [com.velocitypowered.proxy.VelocityServer]: Loading localizations...
[14:26:38] [main/INFO] [com.velocitypowered.proxy.network.ConnectionManager]: Connections will use epoll channels, libdeflate (Linux x86_64) compression, OpenSSL 3.x.x (Linux x86_64) ciphers
[14:26:38] [main/WARN] [com.velocitypowered.proxy.config.VelocityConfiguration]: The proxy is running in offline mode! This is a security risk and you will NOT receive any support!
[14:26:38] [main/WARN] [com.velocitypowered.proxy.config.VelocityConfiguration]: Player info forwarding is disabled! All players will appear to be connecting from the proxy and will have offline-mode UUIDs.
[14:26:40] [main/INFO] [com.velocitypowered.proxy.VelocityServer]: Loading plugins...
[14:26:42] [main/INFO] [eaglerxserver]: Loading EaglercraftXServer 1.0.7...
[14:26:42] [main/INFO] [eaglerxserver]: (Platform: Velocity)
[14:26:42] [main/INFO] [eaglerxserver]: Server Name: "EaglercraftXServer"
[14:26:43] [main/INFO] [com.velocitypowered.proxy.plugin.VelocityPluginManager]: Loaded plugin eaglerxserver 1.0.7 by lax1dude
[14:26:43] [main/INFO] [com.velocitypowered.proxy.plugin.VelocityPluginManager]: Loaded plugin eaglerweb 1.0.0 by lax1dude
[14:26:43] [main/INFO] [com.velocitypowered.proxy.plugin.VelocityPluginManager]: Loaded plugin eaglerxrewind-1-5 1.0.2 by lax1dude, ayunami2000
[14:26:44] [main/INFO] [com.velocitypowered.proxy.plugin.VelocityPluginManager]: Loaded plugin nlogin 10.4.23 by NickUC
[14:26:44] [main/INFO] [com.velocitypowered.proxy.VelocityServer]: Loaded 5 plugins
[14:26:44] [EaglercraftXServer - Task Executor #0/WARN] [com.velocitypowered.proxy.network.ConnectionManager]: The server channel initializer has been replaced by java.base/jdk.internal.reflect.DirectMethodHandleAccessor.invoke(DirectMethodHandleAccessor.java:103)
[14:26:44] [EaglercraftXServer - Task Executor #0/INFO] [eaglerxserver]: Enabling EaglercraftXServer 1.0.7...
[14:26:45] [EaglercraftXServer - Task Executor #0/INFO] [eaglerxserver]: Connecting to skin cache database "jdbc:sqlite:eagler_skins_cache.db"...
[14:26:45] [EaglercraftXServer - Task Executor #0/INFO] [eaglerxserver]: Connected to skin cache database successfully!
[14:26:45] [EaglercraftXServer - Task Executor #0/INFO] [eaglerweb]: Loading config files...
[14:26:45] [EaglercraftXServer - Task Executor #0/INFO] [eaglerweb]: Indexing pages, please wait...
[14:26:45] [EaglercraftXServer - Task Executor #0/INFO] [eaglerweb]: Indexed 12 pages total!
[14:26:45] [EaglercraftXServer - Task Executor #0/INFO] [eaglerxrewind-1-5]: EaglerXRewind protocol for Eaglercraft 1.5.2 has been registered
[14:26:47] [Netty epoll Worker #0/INFO] [eaglerxserver]: You are running the latest version of EaglerXServer
[14:26:49] [EaglercraftXServer - Task Executor #0/INFO] [nlogin]: Successful plugin core start (took 1.70s)
[14:26:49] [EaglercraftXServer - Task Executor #0/INFO] [com.velocitypowered.proxy.console.VelocityConsole]:           __             _       
[14:26:49] [EaglercraftXServer - Task Executor #0/INFO] [com.velocitypowered.proxy.console.VelocityConsole]:   _ __   / /  ___   __ _(_)_ __  
[14:26:49] [EaglercraftXServer - Task Executor #0/INFO] [com.velocitypowered.proxy.console.VelocityConsole]:  | '_ \ / /  / _ \ / _` | | '_ \ 
[14:26:49] [EaglercraftXServer - Task Executor #0/INFO] [com.velocitypowered.proxy.console.VelocityConsole]:  | | | / /__| (_) | (_| | | | | |
[14:26:49] [EaglercraftXServer - Task Executor #0/INFO] [com.velocitypowered.proxy.console.VelocityConsole]:  |_| |_\____/\___/ \__, |_|_| |_|
[14:26:49] [EaglercraftXServer - Task Executor #0/INFO] [com.velocitypowered.proxy.console.VelocityConsole]:                   |___/            
[14:26:49] [EaglercraftXServer - Task Executor #0/INFO] [com.velocitypowered.proxy.console.VelocityConsole]:  By: www.nickuc.com - V 10.4.23 DEVELOPMENT
[14:26:49] [EaglercraftXServer - Task Executor #0/INFO] [com.velocitypowered.proxy.console.VelocityConsole]:  
[14:26:52] [main/INFO] [com.velocitypowered.proxy.Velocity]: Done (16.56s)!
[14:26:53] [Netty epoll Boss #0/INFO] [eaglerxserver]: Listener "listener0" injected into channel [id: 0xb75c6e65, L:/[0:0:0:0:0:0:0:0]:25567] successfully (Velocity method)
[14:26:53] [Netty epoll Boss #0/INFO] [com.velocitypowered.proxy.network.ConnectionManager]: Listening on /[0:0:0:0:0:0:0:0]:25567
[14:26:57] [nLogin - Task Executor #1/INFO] [com.velocitypowered.proxy.console.VelocityConsole]: 
[14:26:57] [nLogin - Task Executor #1/INFO] [com.velocitypowered.proxy.console.VelocityConsole]:  Thank you so much for choosing nLogin! <3
[14:26:57] [nLogin - Task Executor #1/INFO] [com.velocitypowered.proxy.console.VelocityConsole]: 
[14:26:57] [nLogin - Task Executor #1/INFO] [com.velocitypowered.proxy.console.VelocityConsole]:  For your safety, please read the message below:
[14:26:57] [nLogin - Task Executor #1/INFO] [com.velocitypowered.proxy.console.VelocityConsole]:   Never download nLogin from unknown sources.
[14:26:57] [nLogin - Task Executor #1/INFO] [com.velocitypowered.proxy.console.VelocityConsole]:   A modified version may contain malicious software.
[14:26:57] [nLogin - Task Executor #1/INFO] [com.velocitypowered.proxy.console.VelocityConsole]: 
[14:26:57] [nLogin - Task Executor #1/INFO] [com.velocitypowered.proxy.console.VelocityConsole]:  Trusted sources:
[14:26:57] [nLogin - Task Executor #1/INFO] [com.velocitypowered.proxy.console.VelocityConsole]:   www.nickuc.com
[14:26:57] [nLogin - Task Executor #1/INFO] [com.velocitypowered.proxy.console.VelocityConsole]:   www.github.com/nickuc
[14:26:57] [nLogin - Task Executor #1/INFO] [com.velocitypowered.proxy.console.VelocityConsole]:   OpeNLogin installer (from Spigot or GitHub)
[14:26:57] [nLogin - Task Executor #1/INFO] [com.velocitypowered.proxy.console.VelocityConsole]: 
[14:26:57] [nLogin - Task Executor #1/INFO] [com.velocitypowered.proxy.console.VelocityConsole]:  Official support channels:
[14:26:57] [nLogin - Task Executor #1/INFO] [com.velocitypowered.proxy.console.VelocityConsole]:   Discord group: www.nickuc.com/discord
[14:26:57] [nLogin - Task Executor #1/INFO] [com.velocitypowered.proxy.console.VelocityConsole]:   Documentation: docs.nickuc.com/nlogin/
[14:26:57] [nLogin - Task Executor #1/INFO] [com.velocitypowered.proxy.console.VelocityConsole]:   Email: support@nickuc.com
[14:26:57] [nLogin - Task Executor #1/INFO] [com.velocitypowered.proxy.console.VelocityConsole]:   YouTube: youtube.com/nickuc
[14:26:58] [nLogin - Task Executor #1/INFO] [com.velocitypowered.proxy.console.VelocityConsole]: 
[14:26:58] [nLogin - Task Executor #1/INFO] [com.velocitypowered.proxy.console.VelocityConsole]:  To remove this warning, log in with "nlogin.admin" permission on the server
[14:26:58] [nLogin - Task Executor #1/INFO] [com.velocitypowered.proxy.console.VelocityConsole]:  and click the "Setup plugin" button to configure your plugin.
[14:26:58] [nLogin - Task Executor #1/INFO] [com.velocitypowered.proxy.console.VelocityConsole]: 
[14:27:36] [Netty epoll Worker #2/INFO] [com.velocitypowered.proxy.connection.client.AuthSessionHandler]: [connected player] Ace1Ace4767 (/[0:0:0:0:0:0:0:1]:56756) has connected
[14:27:37] [Netty epoll Worker #2/INFO] [com.velocitypowered.proxy.connection.MinecraftConnection]: [server connection] Ace1Ace4767 -> auth has connected
[14:27:45] [nLogin - Task Executor #0/INFO] [nlogin]: The user Ace1Ace4767 has successfully registered.
[14:27:46] [Netty epoll Worker #2/INFO] [com.velocitypowered.proxy.connection.MinecraftConnection]: [server connection] Ace1Ace4767 -> survival has connected
[14:28:09] [Netty epoll Worker #2/INFO] [com.velocitypowered.proxy.connection.MinecraftConnection]: [connected player] Ace1Ace4767 (/[0:0:0:0:0:0:0:1]:56756) has disconnected
[14:28:09] [Netty epoll Worker #2/INFO] [com.velocitypowered.proxy.connection.MinecraftConnection]: [server connection] Ace1Ace4767 -> survival has disconnected
[14:28:09] [Netty epoll Worker #2/INFO] [com.velocitypowered.proxy.connection.MinecraftConnection]: [server connection] Ace1Ace4767 -> auth has disconnected
[14:28:12] [Netty epoll Worker #3/INFO] [com.velocitypowered.proxy.connection.client.AuthSessionHandler]: [connected player] Ace1Ace4767 (/[0:0:0:0:0:0:0:1]:56374) has connected
[14:28:12] [Netty epoll Worker #3/INFO] [com.velocitypowered.proxy.connection.MinecraftConnection]: [server connection] Ace1Ace4767 -> auth has connected
[14:28:17] [nLogin - Task Executor #0/INFO] [nlogin]: The user Ace1Ace4767 has successfully logged in.
[14:28:18] [Netty epoll Worker #3/INFO] [com.velocitypowered.proxy.connection.MinecraftConnection]: [server connection] Ace1Ace4767 -> survival has connected
[14:28:48] [Netty epoll Worker #3/ERROR] [com.velocitypowered.proxy.connection.MinecraftConnection]: [server connection] Ace1Ace4767 -> survival: read timed out
[14:28:48] [Netty epoll Worker #3/INFO] [com.velocitypowered.proxy.connection.MinecraftConnection]: [server connection] Ace1Ace4767 -> survival has disconnected
[14:28:48] [Netty epoll Worker #3/ERROR] [com.velocitypowered.proxy.connection.client.ConnectedPlayer]: [connected player] Ace1Ace4767 (/[0:0:0:0:0:0:0:1]:56374): unable to connect to server survival
io.netty.handler.timeout.ReadTimeoutException: null
[14:28:53] [Netty epoll Worker #3/INFO] [com.velocitypowered.proxy.connection.MinecraftConnection]: [server connection] Ace1Ace4767 -> survival has connected
[14:28:54] [Netty epoll Worker #3/INFO] [com.velocitypowered.proxy.connection.MinecraftConnection]: [server connection] Ace1Ace4767 -> auth has disconnected
[14:30:20] [main/INFO] [com.velocitypowered.proxy.console.VelocityConsole]: This command does not exist.
[14:30:41] [main/INFO] [com.velocitypowered.proxy.console.VelocityConsole]: This command does not exist.
[14:33:05] [Netty epoll Worker #3/INFO] [com.velocitypowered.proxy.connection.MinecraftConnection]: [connected player] Ace1Ace4767 (/[0:0:0:0:0:0:0:1]:56374) has disconnected
[14:33:05] [Netty epoll Worker #3/INFO] [com.velocitypowered.proxy.connection.MinecraftConnection]: [server connection] Ace1Ace4767 -> survival has disconnected
[14:33:10] [Netty epoll Worker #1/INFO] [com.velocitypowered.proxy.connection.client.AuthSessionHandler]: [connected player] Ace1Ace4767 (/[0:0:0:0:0:0:0:1]:53168) has connected
[14:33:10] [Netty epoll Worker #1/INFO] [com.velocitypowered.proxy.connection.MinecraftConnection]: [server connection] Ace1Ace4767 -> auth has connected
[14:33:13] [nLogin - Task Executor #0/INFO] [nlogin]: The user Ace1Ace4767 has successfully logged in.
[14:33:13] [Netty epoll Worker #1/INFO] [com.velocitypowered.proxy.connection.MinecraftConnection]: [server connection] Ace1Ace4767 -> survival has connected
[14:33:14] [Netty epoll Worker #1/INFO] [com.velocitypowered.proxy.connection.MinecraftConnection]: [server connection] Ace1Ace4767 -> auth has disconnected
[14:33:20] [Netty epoll Worker #1/INFO] [com.velocitypowered.proxy.connection.MinecraftConnection]: [connected player] Ace1Ace4767 (/[0:0:0:0:0:0:0:1]:53168) has disconnected
[14:33:20] [Netty epoll Worker #1/INFO] [com.velocitypowered.proxy.connection.MinecraftConnection]: [server connection] Ace1Ace4767 -> survival has disconnected
[14:33:26] [main/INFO] [com.velocitypowered.proxy.console.VelocityConsole]: This command does not exist.
[14:33:29] [main/INFO] [com.velocitypowered.proxy.console.VelocityConsole]: This command does not exist.
[14:33:31] [Thread-14/INFO] [com.velocitypowered.proxy.VelocityServer]: Shutting down the proxy...
[14:33:31] [Thread-14/INFO] [com.velocitypowered.proxy.network.ConnectionManager]: Closing endpoint /0.0.0.0:25567
[14:33:32] [EaglercraftXServer - Task Executor #3/INFO] [eaglerxserver]: Disabling EaglercraftXServer 1.0.7...
[14:33:32] [EaglercraftXServer - Task Executor #3/INFO] [eaglerxserver]: Disconnecting from skin cache database "jdbc:sqlite:eagler_skins_cache.db"...
[14:33:32] [EaglercraftXServer - Task Executor #3/INFO] [eaglerxserver]: Disconnected from skin cache database successfully!
[14:33:32] [EaglercraftXServer - Task Executor #3/INFO] [eaglerweb]: Shutting down, please wait...
[14:33:32] [EaglercraftXServer - Task Executor #3/INFO] [eaglerxrewind-1-5]: EaglerXRewind protocol for Eaglercraft 1.5.2 has been unregistered
[14:33:32] [EaglercraftXServer - Task Executor #3/INFO] [nlogin]: Successful plugin core shutdown (took 0.00s)
